This is pdfTeX, Version 3.14159265-2.6-1.40.18 (TeX Live 2017/Debian) (preloaded format=pdflatex 2019.5.27)  12 JUN 2019 18:14
entering extended mode
 restricted \write18 enabled.
 %&-line parsing enabled.
**pset1_SMSajidAlSanai.tex
(./pset1_SMSajidAlSanai.tex
LaTeX2e <2017-04-15>
Babel <3.18> and hyphenation patterns for 3 language(s) loaded.
(/usr/share/texlive/texmf-dist/tex/latex/base/article.cls
Document Class: article 2014/09/29 v1.4h Standard LaTeX document class
(/usr/share/texlive/texmf-dist/tex/latex/base/size10.clo
File: size10.clo 2014/09/29 v1.4h Standard LaTeX file (size option)
)
\c@part=\count79
\c@section=\count80
\c@subsection=\count81
\c@subsubsection=\count82
\c@paragraph=\count83
\c@subparagraph=\count84
\c@figure=\count85
\c@table=\count86
\abovecaptionskip=\skip41
\belowcaptionskip=\skip42
\bibindent=\dimen102
)
(/usr/share/texlive/texmf-dist/tex/latex/geometry/geometry.sty
Package: geometry 2010/09/12 v5.6 Page Geometry

(/usr/share/texlive/texmf-dist/tex/latex/graphics/keyval.sty
Package: keyval 2014/10/28 v1.15 key=value parser (DPC)
\KV@toks@=\toks14
)
(/usr/share/texlive/texmf-dist/tex/generic/oberdiek/ifpdf.sty
Package: ifpdf 2017/03/15 v3.2 Provides the ifpdf switch
)
(/usr/share/texlive/texmf-dist/tex/generic/oberdiek/ifvtex.sty
Package: ifvtex 2016/05/16 v1.6 Detect VTeX and its facilities (HO)
Package ifvtex Info: VTeX not detected.
)
(/usr/share/texlive/texmf-dist/tex/generic/ifxetex/ifxetex.sty
Package: ifxetex 2010/09/12 v0.6 Provides ifxetex conditional
)
\Gm@cnth=\count87
\Gm@cntv=\count88
\c@Gm@tempcnt=\count89
\Gm@bindingoffset=\dimen103
\Gm@wd@mp=\dimen104
\Gm@odd@mp=\dimen105
\Gm@even@mp=\dimen106
\Gm@layoutwidth=\dimen107
\Gm@layoutheight=\dimen108
\Gm@layouthoffset=\dimen109
\Gm@layoutvoffset=\dimen110
\Gm@dimlist=\toks15
)
(/usr/share/texlive/texmf-dist/tex/latex/amsmath/amsmath.sty
Package: amsmath 2017/09/02 v2.17a AMS math features
\@mathmargin=\skip43

For additional information on amsmath, use the `?' option.
(/usr/share/texlive/texmf-dist/tex/latex/amsmath/amstext.sty
Package: amstext 2000/06/29 v2.01 AMS text

(/usr/share/texlive/texmf-dist/tex/latex/amsmath/amsgen.sty
File: amsgen.sty 1999/11/30 v2.0 generic functions
\@emptytoks=\toks16
\ex@=\dimen111
))
(/usr/share/texlive/texmf-dist/tex/latex/amsmath/amsbsy.sty
Package: amsbsy 1999/11/29 v1.2d Bold Symbols
\pmbraise@=\dimen112
)
(/usr/share/texlive/texmf-dist/tex/latex/amsmath/amsopn.sty
Package: amsopn 2016/03/08 v2.02 operator names
)
\inf@bad=\count90
LaTeX Info: Redefining \frac on input line 213.
\uproot@=\count91
\leftroot@=\count92
LaTeX Info: Redefining \overline on input line 375.
\classnum@=\count93
\DOTSCASE@=\count94
LaTeX Info: Redefining \ldots on input line 472.
LaTeX Info: Redefining \dots on input line 475.
LaTeX Info: Redefining \cdots on input line 596.
\Mathstrutbox@=\box26
\strutbox@=\box27
\big@size=\dimen113
LaTeX Font Info:    Redeclaring font encoding OML on input line 712.
LaTeX Font Info:    Redeclaring font encoding OMS on input line 713.
\macc@depth=\count95
\c@MaxMatrixCols=\count96
\dotsspace@=\muskip10
\c@parentequation=\count97
\dspbrk@lvl=\count98
\tag@help=\toks17
\row@=\count99
\column@=\count100
\maxfields@=\count101
\andhelp@=\toks18
\eqnshift@=\dimen114
\alignsep@=\dimen115
\tagshift@=\dimen116
\tagwidth@=\dimen117
\totwidth@=\dimen118
\lineht@=\dimen119
\@envbody=\toks19
\multlinegap=\skip44
\multlinetaggap=\skip45
\mathdisplay@stack=\toks20
LaTeX Info: Redefining \[ on input line 2817.
LaTeX Info: Redefining \] on input line 2818.
)
(/usr/share/texlive/texmf-dist/tex/latex/listings/listings.sty
\lst@mode=\count102
\lst@gtempboxa=\box28
\lst@token=\toks21
\lst@length=\count103
\lst@currlwidth=\dimen120
\lst@column=\count104
\lst@pos=\count105
\lst@lostspace=\dimen121
\lst@width=\dimen122
\lst@newlines=\count106
\lst@lineno=\count107
\lst@maxwidth=\dimen123

(/usr/share/texlive/texmf-dist/tex/latex/listings/lstmisc.sty
File: lstmisc.sty 2015/06/04 1.6 (Carsten Heinz)
\c@lstnumber=\count108
\lst@skipnumbers=\count109
\lst@framebox=\box29
)
(/usr/share/texlive/texmf-dist/tex/latex/listings/listings.cfg
File: listings.cfg 2015/06/04 1.6 listings configuration
))
Package: listings 2015/06/04 1.6 (Carsten Heinz)

(/usr/share/texlive/texmf-dist/tex/latex/graphics/color.sty
Package: color 2016/07/10 v1.1e Standard LaTeX Color (DPC)

(/usr/share/texlive/texmf-dist/tex/latex/graphics-cfg/color.cfg
File: color.cfg 2016/01/02 v1.6 sample color configuration
)
Package color Info: Driver file: pdftex.def on input line 147.

(/usr/share/texlive/texmf-dist/tex/latex/graphics-def/pdftex.def
File: pdftex.def 2018/01/08 v1.0l Graphics/color driver for pdftex
))
(/usr/share/texlive/texmf-dist/tex/latex/placeins/placeins.sty
Package: placeins 2005/04/18  v 2.2
)
(/usr/share/texlive/texmf-dist/tex/latex/graphics/graphicx.sty
Package: graphicx 2017/06/01 v1.1a Enhanced LaTeX Graphics (DPC,SPQR)

(/usr/share/texlive/texmf-dist/tex/latex/graphics/graphics.sty
Package: graphics 2017/06/25 v1.2c Standard LaTeX Graphics (DPC,SPQR)

(/usr/share/texlive/texmf-dist/tex/latex/graphics/trig.sty
Package: trig 2016/01/03 v1.10 sin cos tan (DPC)
)
(/usr/share/texlive/texmf-dist/tex/latex/graphics-cfg/graphics.cfg
File: graphics.cfg 2016/06/04 v1.11 sample graphics configuration
)
Package graphics Info: Driver file: pdftex.def on input line 99.
)
\Gin@req@height=\dimen124
\Gin@req@width=\dimen125
)
(./pset1_SMSajidAlSanai.aux)
\openout1 = `pset1_SMSajidAlSanai.aux'.

LaTeX Font Info:    Checking defaults for OML/cmm/m/it on input line 15.
LaTeX Font Info:    ... okay on input line 15.
LaTeX Font Info:    Checking defaults for T1/cmr/m/n on input line 15.
LaTeX Font Info:    ... okay on input line 15.
LaTeX Font Info:    Checking defaults for OT1/cmr/m/n on input line 15.
LaTeX Font Info:    ... okay on input line 15.
LaTeX Font Info:    Checking defaults for OMS/cmsy/m/n on input line 15.
LaTeX Font Info:    ... okay on input line 15.
LaTeX Font Info:    Checking defaults for OMX/cmex/m/n on input line 15.
LaTeX Font Info:    ... okay on input line 15.
LaTeX Font Info:    Checking defaults for U/cmr/m/n on input line 15.
LaTeX Font Info:    ... okay on input line 15.

*geometry* driver: auto-detecting
*geometry* detected driver: pdftex
*geometry* verbose mode - [ preamble ] result:
* driver: pdftex
* paper: <default>
* layout: <same size as paper>
* layoutoffset:(h,v)=(0.0pt,0.0pt)
* modes: 
* h-part:(L,W,R)=(108.405pt, 397.485pt, 108.405pt)
* v-part:(T,H,B)=(108.405pt, 578.15999pt, 108.405pt)
* \paperwidth=614.295pt
* \paperheight=794.96999pt
* \textwidth=397.485pt
* \textheight=578.15999pt
* \oddsidemargin=36.13501pt
* \evensidemargin=36.13501pt
* \topmargin=-0.86499pt
* \headheight=12.0pt
* \headsep=25.0pt
* \topskip=10.0pt
* \footskip=30.0pt
* \marginparwidth=65.0pt
* \marginparsep=11.0pt
* \columnsep=10.0pt
* \skip\footins=9.0pt plus 4.0pt minus 2.0pt
* \hoffset=0.0pt
* \voffset=0.0pt
* \mag=1000
* \@twocolumnfalse
* \@twosidefalse
* \@mparswitchfalse
* \@reversemarginfalse
* (1in=72.27pt=25.4mm, 1cm=28.453pt)

\c@lstlisting=\count110
(/usr/share/texlive/texmf-dist/tex/context/base/mkii/supp-pdf.mkii
[Loading MPS to PDF converter (version 2006.09.02).]
\scratchcounter=\count111
\scratchdimen=\dimen126
\scratchbox=\box30
\nofMPsegments=\count112
\nofMParguments=\count113
\everyMPshowfont=\toks22
\MPscratchCnt=\count114
\MPscratchDim=\dimen127
\MPnumerator=\count115
\makeMPintoPDFobject=\count116
\everyMPtoPDFconversion=\toks23
) (/usr/share/texlive/texmf-dist/tex/latex/oberdiek/epstopdf-base.sty
Package: epstopdf-base 2016/05/15 v2.6 Base part for package epstopdf

(/usr/share/texlive/texmf-dist/tex/generic/oberdiek/infwarerr.sty
Package: infwarerr 2016/05/16 v1.4 Providing info/warning/error messages (HO)
)
(/usr/share/texlive/texmf-dist/tex/latex/oberdiek/grfext.sty
Package: grfext 2016/05/16 v1.2 Manage graphics extensions (HO)

(/usr/share/texlive/texmf-dist/tex/generic/oberdiek/kvdefinekeys.sty
Package: kvdefinekeys 2016/05/16 v1.4 Define keys (HO)

(/usr/share/texlive/texmf-dist/tex/generic/oberdiek/ltxcmds.sty
Package: ltxcmds 2016/05/16 v1.23 LaTeX kernel commands for general use (HO)
)))
(/usr/share/texlive/texmf-dist/tex/latex/oberdiek/kvoptions.sty
Package: kvoptions 2016/05/16 v3.12 Key value format for package options (HO)

(/usr/share/texlive/texmf-dist/tex/generic/oberdiek/kvsetkeys.sty
Package: kvsetkeys 2016/05/16 v1.17 Key value parser (HO)

(/usr/share/texlive/texmf-dist/tex/generic/oberdiek/etexcmds.sty
Package: etexcmds 2016/05/16 v1.6 Avoid name clashes with e-TeX commands (HO)

(/usr/share/texlive/texmf-dist/tex/generic/oberdiek/ifluatex.sty
Package: ifluatex 2016/05/16 v1.4 Provides the ifluatex switch (HO)
Package ifluatex Info: LuaTeX not detected.
)
Package etexcmds Info: Could not find \expanded.
(etexcmds)             That can mean that you are not using pdfTeX 1.50 or
(etexcmds)             that some package has redefined \expanded.
(etexcmds)             In the latter case, load this package earlier.
)))
(/usr/share/texlive/texmf-dist/tex/generic/oberdiek/pdftexcmds.sty
Package: pdftexcmds 2018/01/21 v0.26 Utility functions of pdfTeX for LuaTeX (HO
)
Package pdftexcmds Info: LuaTeX not detected.
Package pdftexcmds Info: \pdf@primitive is available.
Package pdftexcmds Info: \pdf@ifprimitive is available.
Package pdftexcmds Info: \pdfdraftmode found.
)
Package epstopdf-base Info: Redefining graphics rule for `.eps' on input line 4
38.
Package grfext Info: Graphics extension search list:
(grfext)             [.pdf,.png,.jpg,.mps,.jpeg,.jbig2,.jb2,.PDF,.PNG,.JPG,.JPE
G,.JBIG2,.JB2,.eps]
(grfext)             \AppendGraphicsExtensions on input line 456.

(/usr/share/texlive/texmf-dist/tex/latex/latexconfig/epstopdf-sys.cfg
File: epstopdf-sys.cfg 2010/07/13 v1.3 Configuration of (r)epstopdf for TeX Liv
e
))
(./pset1_SMSajidAlSanai.toc)
\tf@toc=\write3
\openout3 = `pset1_SMSajidAlSanai.toc'.

 [1

{/var/lib/texmf/fonts/map/pdftex/updmap/pdftex.map}] [2]
<Figure1.png, id=23, 462.528pt x 346.896pt>
File: Figure1.png Graphic file (type png)
<use Figure1.png>
Package pdftex.def Info: Figure1.png  used on input line 109.
(pdftex.def)             Requested size: 397.485pt x 298.12889pt.
 [3 <./Figure1.png>]
File: Figure1.png Graphic file (type png)
<use Figure1.png>
Package pdftex.def Info: Figure1.png  used on input line 125.
(pdftex.def)             Requested size: 397.485pt x 298.12889pt.
 [4]
<Figure3.png, id=32, 462.528pt x 346.896pt>
File: Figure3.png Graphic file (type png)
<use Figure3.png>
Package pdftex.def Info: Figure3.png  used on input line 139.
(pdftex.def)             Requested size: 397.485pt x 298.12889pt.
 [5 <./Figure3.png>]
<Figure4.png, id=37, 462.528pt x 346.896pt>
File: Figure4.png Graphic file (type png)
<use Figure4.png>
Package pdftex.def Info: Figure4.png  used on input line 175.
(pdftex.def)             Requested size: 397.485pt x 298.12889pt.
 [6 <./Figure4.png>]
LaTeX Font Info:    Try loading font information for OMS+cmss on input line 202
.
LaTeX Font Info:    No file OMScmss.fd. on input line 202.


LaTeX Font Warning: Font shape `OMS/cmss/m/n' undefined
(Font)              using `OMS/cmsy/m/n' instead
(Font)              for symbol `textbar' on input line 202.

[7]
<Figure5.png, id=48, 462.528pt x 346.896pt>
File: Figure5.png Graphic file (type png)
<use Figure5.png>
Package pdftex.def Info: Figure5.png  used on input line 222.
(pdftex.def)             Requested size: 397.485pt x 298.12889pt.
 [8 <./Figure5.png>]
<Figure6.png, id=53, 462.528pt x 346.896pt>
File: Figure6.png Graphic file (type png)
<use Figure6.png>
Package pdftex.def Info: Figure6.png  used on input line 267.
(pdftex.def)             Requested size: 397.485pt x 298.12889pt.
 [9 <./Figure6.png>]
<Figure7.png, id=58, 462.528pt x 346.896pt>
File: Figure7.png Graphic file (type png)
<use Figure7.png>
Package pdftex.def Info: Figure7.png  used on input line 281.
(pdftex.def)             Requested size: 397.485pt x 298.12889pt.
<Figure8.png, id=59, 462.528pt x 346.896pt>
File: Figure8.png Graphic file (type png)
<use Figure8.png>
Package pdftex.def Info: Figure8.png  used on input line 289.
(pdftex.def)             Requested size: 397.485pt x 298.12889pt.


LaTeX Warning: `h' float specifier changed to `ht'.

[10 <./Figure7.png>]
Overfull \hbox (13.21635pt too wide) in paragraph at lines 307--308
[][][][][][][][][][][][][][][][][][][][][][][][][][] 
 []

[11 <./Figure8.png>]
<Figure9.png, id=68, 462.528pt x 346.896pt>
File: Figure9.png Graphic file (type png)
<use Figure9.png>
Package pdftex.def Info: Figure9.png  used on input line 358.
(pdftex.def)             Requested size: 397.485pt x 298.12889pt.


LaTeX Warning: `h' float specifier changed to `ht'.

[12]
<Figure10.png, id=72, 462.528pt x 346.896pt>
File: Figure10.png Graphic file (type png)
<use Figure10.png>
Package pdftex.def Info: Figure10.png  used on input line 366.
(pdftex.def)             Requested size: 397.485pt x 298.12889pt.


LaTeX Warning: `h' float specifier changed to `ht'.

[13 <./Figure9.png>] [14 <./Figure10.png>] [15

]
(/usr/share/texlive/texmf-dist/tex/latex/listings/lstlang1.sty
File: lstlang1.sty 2015/06/04 1.6 listings language file
)
(./pset1_1_source.py
LaTeX Font Info:    Try loading font information for OML+cmss on input line 42.

LaTeX Font Info:    No file OMLcmss.fd. on input line 42.


LaTeX Font Warning: Font shape `OML/cmss/m/n' undefined
(Font)              using `OML/cmm/m/it' instead
(Font)              for symbol `textless' on input line 42.


Overfull \hbox (129.76674pt too wide) in paragraph at lines 42--44
[][][][][][][][][][][][][][][][][][][][][][][][][][][][][][][][][][][][][][][][
][][][][][][][][][] 
 []

[16] [17] [18]
Overfull \hbox (24.31639pt too wide) in paragraph at lines 178--179
[][][][][][][][][][][][][][][][][][][][][][][] 
 []


Overfull \hbox (2.11632pt too wide) in paragraph at lines 179--180
[][][][][][][][][][][][][][][][][][][][][][][][] 
 []

) [19] (./pset1_2_source.py
Overfull \hbox (79.81657pt too wide) in paragraph at lines 26--28
[][][][][][][][][][][][][][][][][][][][][][][][][][][][][][][][][][] 
 []


Overfull \hbox (235.21709pt too wide) in paragraph at lines 42--44
[][][][][][][][][][][][][][][][][][][][][][][][][][][][][][][][][][][][][][][][
][][][][][][][][][][][][][][][][][][][][][][][][][][][][][][][][][][][][][][][]
[][][][][][][][][][][][][][][][][][][][][][][][][][][][][][][][][][][][][][][][
][][][][][][][][][][][][][][][][][][][][][][][][][] 
 []

[20]
Overfull \hbox (7.66634pt too wide) in paragraph at lines 56--57
[][][][][][][][][][][][][][][][][][][][][][][][][][][][][][][][][][][][][][][][
][][][][][][][][][][][][][][] 
 []


Overfull \hbox (340.66743pt too wide) in paragraph at lines 61--62
[][][][][][][][][][][][][][][][][][][][][][][][][][][][][][][][][][][][][][][][
][][][][][][][][][][][][][][][][][] 
 []


Overfull \hbox (224.11705pt too wide) in paragraph at lines 62--64
[][][][][][][][][][][][][][][][][][][][][][][][][][][][][][][][][][][][][][][][
][][][][] 
 []


Overfull \hbox (290.71727pt too wide) in paragraph at lines 67--68
[][][][][][][][][][][][][][][][][][][][][][][][][][][][][][][][][][][][][][][][
][][][] 
 []


Overfull \hbox (523.81804pt too wide) in paragraph at lines 69--71
[][][][][][][][][][][][][][][][][][][][][][][][][][][][][][][][][][][][][][][][
][][][] 
 []


Overfull \hbox (24.31639pt too wide) in paragraph at lines 75--77
[][][][][][][][][][][][][][][][][][][][][][][][][][][][][][] 
 []


Overfull \hbox (856.81914pt too wide) in paragraph at lines 78--80
[][][][][][][][][][][][][][][][][][][][][][][][][][][][][][][][][][][][][][][][
][][][][][][][][][][][][][][][][][][][][][][] 
 []


Overfull \hbox (235.21709pt too wide) in paragraph at lines 84--86
[][][][][][][][][][][][][][][][][][][][][][][][][][][][][][][][][][][][][][][][
][][][][][][][][][][][][][][][][][][][][][][][][][][][][][][][][][][][][][][][]
[][][][][][][][][][][][][][][][][][][][][][][][][][][][][][][][][][][][][][][][
][][][][][][][][][][][][][][][][][][][][][][][][][] 
 []


Overfull \hbox (235.21709pt too wide) in paragraph at lines 90--91
[][][][][][][][][][][][][][][][][][][][][] 
 []


Overfull \hbox (18.76637pt too wide) in paragraph at lines 103--104
[][][][][][][][][][][][][][][][][][][][][][][][][][][][][][][] 
 []

[21]
Overfull \hbox (168.61687pt too wide) in paragraph at lines 111--112
[][][][][][][][][][][][][][][][][][][][][][][][][][][][][][][][][][][] 
 []


Overfull \hbox (63.16652pt too wide) in paragraph at lines 134--135
[][][][][][][][][][][][][][][][][][][][][][][][][][][][][][][][][][][][][][][][
][] 
 []

[22]
Overfull \hbox (29.86641pt too wide) in paragraph at lines 193--194
[][][][][][][][][][][][][] 
 []

[23]
Overfull \hbox (113.11668pt too wide) in paragraph at lines 213--214
[][][][][][][][][][][][][][][][][][][][][][] 
 []


Overfull \hbox (113.11668pt too wide) in paragraph at lines 214--215
[][][][][][][][][][][][][][][][][][][][][][] 
 []


Overfull \hbox (235.21709pt too wide) in paragraph at lines 232--233
[][][][][][][][][][][][][][][][][][][] 
 []


Overfull \hbox (373.96754pt too wide) in paragraph at lines 242--243
[][][][][][][][][][][][][][][][][][][][][][][][][][][][][][][][][][][][][][][][
] 
 []


Overfull \hbox (107.56667pt too wide) in paragraph at lines 250--251
[][][][][][][][][][][][][][][][][][][][][][][][][][][][][][][][][] 
 []

[24]
Overfull \hbox (29.86641pt too wide) in paragraph at lines 289--290
[][][][][][][][][][][][][] 
 []


Overfull \hbox (113.11668pt too wide) in paragraph at lines 293--294
[][][][][][][][][][][][][][][][][][][][][][] 
 []


Overfull \hbox (113.11668pt too wide) in paragraph at lines 294--296
[][][][][][][][][][][][][][][][][][][][][][] 
 []


Overfull \hbox (174.16689pt too wide) in paragraph at lines 297--299
[][][][][][][][][][][][][][][][][][] 
 []


Overfull \hbox (118.6667pt too wide) in paragraph at lines 308--309
[][][][][][][][][][][][][][][][][][][][][][][][][][][][][][][][][][][][][][][][
][] 
 []

[25]
Overfull \hbox (79.81657pt too wide) in paragraph at lines 333--335
[][][][][][][][][][][][][][][][][][][][][][][][][][][][][][][][][][] 
 []


Overfull \hbox (235.21709pt too wide) in paragraph at lines 349--351
[][][][][][][][][][][][][][][][][][][][][][][][][][][][][][][][][][][][][][][][
][][][][][][][][][][][][][][][][][][][][][][][][][][][][][][][][][][][][][][][]
[][][][][][][][][][][][][][][][][][][][][][][][][][][][][][][][][][][][][][][][
][][][][][][][][][][][][][][][][][][][][][][][][][] 
 []


Overfull \hbox (157.51683pt too wide) in paragraph at lines 362--363
[][][][][][][][][][][][][][][][][][][][][][][][][][][][] 
 []

[26]
Overfull \hbox (18.76637pt too wide) in paragraph at lines 391--392
[][][][][][][][][][][][][][][] 
 []


Overfull \hbox (40.96645pt too wide) in paragraph at lines 392--393
[][][][][][][][][][][][][][][][][][] 
 []


Overfull \hbox (113.11668pt too wide) in paragraph at lines 402--404
[][][][][][][][][][][][][][][][][][][][][][][] 
 []

[27]
Overfull \hbox (690.31859pt too wide) in paragraph at lines 423--424
[][][][][][][][][][][][][][][][][][][][][][][][][][][][][][][][][][][][][][][][
][][][][][][] 
 []


Overfull \hbox (13.21635pt too wide) in paragraph at lines 431--433
[][][][][][][][][][][][][][][][][][][][][][][][][][][][][][][][][][][][][][][][
][][][][][][][][][][][][][][][][][][][][][][][][][][][][][][][][][][][][][] 
 []


Overfull \hbox (368.41753pt too wide) in paragraph at lines 447--448
[][][][][][][][][][][][][][][][][][][][][][][][][][][] 
 []


Overfull \hbox (118.6667pt too wide) in paragraph at lines 452--453
[][][][][][][][][][][][][][][][][][][][][][] 
 []


Overfull \hbox (118.6667pt too wide) in paragraph at lines 453--454
[][][][][][][][][][][][][][][][][][][][][][] 
 []


Overfull \hbox (179.7169pt too wide) in paragraph at lines 459--461
[][][][][][][][][][][][][][][][][][] 
 []

[28]
Overfull \hbox (296.26729pt too wide) in paragraph at lines 475--476
[][][][][][][][][][][][][][][][][][][][][][][][][][][][][][][][][][][][][] 
 []


Overfull \hbox (118.6667pt too wide) in paragraph at lines 482--483
[][][][][][][][][][][][][][][][][][][][][][][][][][][][][][][][][][][][][][][][
][] 
 []


Overfull \hbox (24.31639pt too wide) in paragraph at lines 512--513
[][][][][][][][][][][][][][][][][][][][][][][][][][][][][][][][][][][][][][][][
][][][][][][][][][][][][][][][][][] 
 []

[29]
Overfull \hbox (251.86714pt too wide) in paragraph at lines 546--547
[][][][][][][][][][][][][][][][][][][][][][][][][][][][][][][][][][][][][][][][
][][][][][][][][][][][][][][][][][] 
 []


Overfull \hbox (46.51646pt too wide) in paragraph at lines 552--554
[][][][][][][][][][][][][][][][][][][][][][][][][][][][][] 
 []


Overfull \hbox (18.76637pt too wide) in paragraph at lines 569--570
[][][][][][][][][][][][][] 
 []

[30]
Overfull \hbox (118.6667pt too wide) in paragraph at lines 573--574
[][][][][][][][][][][][][][][][][][][][][][] 
 []


Overfull \hbox (118.6667pt too wide) in paragraph at lines 574--576
[][][][][][][][][][][][][][][][][][][][][][] 
 []


Overfull \hbox (179.7169pt too wide) in paragraph at lines 577--579
[][][][][][][][][][][][][][][][][][] 
 []


Overfull \hbox (296.26729pt too wide) in paragraph at lines 590--591
[][][][][][][][][][][][][][][][][][][][][][][][][][][][][][][][][][][][][] 
 []


Overfull \hbox (85.3666pt too wide) in paragraph at lines 595--596
[][][][][][][][][][][][][][][][][][][][] 
 []

) [31] (./pset1_output.txt [32] [33] [34] [35] [36] [37] [38] [39] [40]
[41] [42] [43] [44] [45] [46] [47] [48] [49] [50] [51] [52] [53] [54] [55]
[56] [57] [58] [59] [60] [61] [62] [63] [64] [65] [66]
Overfull \hbox (13.21635pt too wide) in paragraph at lines 1824--1825
[][][][][][][][][][][][][][][][][][][][][][][][][][] 
 []

[67] [68]
Overfull \hbox (2.11632pt too wide) in paragraph at lines 1925--1926
[][][][][][][][][][][][][][][][][][][][][][][][] 
 []

[69] [70] [71]) [72] (./pset1_SMSajidAlSanai.aux)

LaTeX Font Warning: Some font shapes were not available, defaults substituted.

 ) 
Here is how much of TeX's memory you used:
 4305 strings out of 494923
 59658 string characters out of 6180742
 187036 words of memory out of 5000000
 7545 multiletter control sequences out of 15000+600000
 10466 words of font info for 38 fonts, out of 8000000 for 9000
 14 hyphenation exceptions out of 8191
 41i,6n,43p,334b,1670s stack positions out of 5000i,500n,10000p,200000b,80000s
</usr/share/texlive/texmf-dist/fonts/type1/public/amsfonts/cm/cmbx10.pfb></us
r/share/texlive/texmf-dist/fonts/type1/public/amsfonts/cm/cmbx12.pfb></usr/shar
e/texlive/texmf-dist/fonts/type1/public/amsfonts/cm/cmex10.pfb></usr/share/texl
ive/texmf-dist/fonts/type1/public/amsfonts/cm/cmmi10.pfb></usr/share/texlive/te
xmf-dist/fonts/type1/public/amsfonts/cm/cmmi5.pfb></usr/share/texlive/texmf-dis
t/fonts/type1/public/amsfonts/cm/cmmi7.pfb></usr/share/texlive/texmf-dist/fonts
/type1/public/amsfonts/cm/cmmi9.pfb></usr/share/texlive/texmf-dist/fonts/type1/
public/amsfonts/cm/cmr10.pfb></usr/share/texlive/texmf-dist/fonts/type1/public/
amsfonts/cm/cmr12.pfb></usr/share/texlive/texmf-dist/fonts/type1/public/amsfont
s/cm/cmr17.pfb></usr/share/texlive/texmf-dist/fonts/type1/public/amsfonts/cm/cm
r5.pfb></usr/share/texlive/texmf-dist/fonts/type1/public/amsfonts/cm/cmr7.pfb><
/usr/share/texlive/texmf-dist/fonts/type1/public/amsfonts/cm/cmss9.pfb></usr/sh
are/texlive/texmf-dist/fonts/type1/public/amsfonts/cm/cmsy10.pfb></usr/share/te
xlive/texmf-dist/fonts/type1/public/amsfonts/cm/cmsy5.pfb></usr/share/texlive/t
exmf-dist/fonts/type1/public/amsfonts/cm/cmsy7.pfb></usr/share/texlive/texmf-di
st/fonts/type1/public/amsfonts/cm/cmsy9.pfb>
Output written on pset1_SMSajidAlSanai.pdf (72 pages, 449587 bytes).
PDF statistics:
 324 PDF objects out of 1000 (max. 8388607)
 212 compressed objects within 3 object streams
 0 named destinations out of 1000 (max. 500000)
 46 words of extra memory for PDF output out of 10000 (max. 10000000)

